Fetching 5m ES data...
[DATA] Loaded 37,855 ES 5m bars from Bloomberg parquet (real futures, 24h)
[DATA] Range: 2025-11-30 18:00:00-05:00 -> 2026-06-15 13:05:00.000000139-04:00
Running grid: 11 targets x 10 stops = 110 combos

==========================================================================================
  TOP 15 BY PROFIT FACTOR
==========================================================================================
 Stop Target       P&L  Trades  Win%   PF  MaxDD%  Sharpe  AvgWin  AvgLoss
1.00x   1.00  -4875.00    5301 49.61 1.00   54.86   -0.27  362.67  -358.83
0.25x   1.50  -4750.00    7030 25.85 0.99   45.80   -0.25  484.43  -169.76
0.25x   1.25  -6087.50    7880 28.64 0.99   50.94   -0.31  421.23  -170.16
1.00x   0.50  -7412.50    7650 60.31 0.99   57.09   -0.35  234.97  -359.48
0.25x   1.75  -6387.50    6388 23.73 0.99   52.40   -0.35  553.64  -173.58
0.75x   1.25  -8112.50    5282 40.51 0.99   53.69   -0.48  426.15  -292.83
0.50x   1.25  -9225.00    6266 34.92 0.99   54.30   -0.51  426.45  -231.07
1.00x   0.75 -10400.00    6248 54.27 0.99   56.98   -0.54  300.30  -360.01
0.75x   3.00  -7075.00    3066 27.10 0.99   51.44   -0.53  780.99  -293.55
0.50x   1.00 -12437.50    7204 38.70 0.99   56.89   -0.64  362.37  -231.60
1.25x   0.25 -13425.00    8891 70.28 0.99   54.23   -0.59  174.13  -416.94
0.50x   1.50 -11012.50    5608 31.60 0.99   52.43   -0.64  493.63  -230.90
0.75x   1.75 -10412.50    4302 34.57 0.99   51.51   -0.66  553.14  -295.89
0.75x   1.00 -12575.00    6037 44.59 0.99   57.05   -0.70  360.66  -294.01
1.25x   0.75 -13075.00    5620 57.92 0.99   52.98   -0.71  303.44  -423.17

==========================================================================================
  TOP 15 BY NET P&L
==========================================================================================
 Stop Target       P&L  Trades  Win%   PF  MaxDD%  Sharpe  AvgWin  AvgLoss
0.25x   1.50  -4750.00    7030 25.85 0.99   45.80   -0.25  484.43  -169.76
1.00x   1.00  -4875.00    5301 49.61 1.00   54.86   -0.27  362.67  -358.83
0.25x   1.25  -6087.50    7880 28.64 0.99   50.94   -0.31  421.23  -170.16
0.25x   1.75  -6387.50    6388 23.73 0.99   52.40   -0.35  553.64  -173.58
0.75x   3.00  -7075.00    3066 27.10 0.99   51.44   -0.53  780.99  -293.55
1.00x   0.50  -7412.50    7650 60.31 0.99   57.09   -0.35  234.97  -359.48
0.75x   1.25  -8112.50    5282 40.51 0.99   53.69   -0.48  426.15  -292.83
0.25x   None  -8787.50    2648 14.92 0.97   52.43   -0.87  965.63  -174.08
0.50x   1.25  -9225.00    6266 34.92 0.99   54.30   -0.51  426.45  -231.07
0.25x   3.00  -9675.00    4525 17.88 0.99   59.86   -0.62  787.11  -173.96
1.00x   0.75 -10400.00    6248 54.27 0.99   56.98   -0.54  300.30  -360.01
0.75x   1.75 -10412.50    4302 34.57 0.99   51.51   -0.66  553.14  -295.89
0.75x   2.00 -10612.50    3941 32.17 0.99   54.50   -0.71  611.17  -293.89
0.50x   1.50 -11012.50    5608 31.60 0.99   52.43   -0.64  493.63  -230.90
0.25x   2.50 -11050.00    5059 19.63 0.98   58.55   -0.67  707.48  -175.50

==========================================================================================
  TOP 15 BY SHARPE RATIO
==========================================================================================
 Stop Target       P&L  Trades  Win%   PF  MaxDD%  Sharpe  AvgWin  AvgLoss
0.25x   1.50  -4750.00    7030 25.85 0.99   45.80   -0.25  484.43  -169.76
1.00x   1.00  -4875.00    5301 49.61 1.00   54.86   -0.27  362.67  -358.83
0.25x   1.25  -6087.50    7880 28.64 0.99   50.94   -0.31  421.23  -170.16
1.00x   0.50  -7412.50    7650 60.31 0.99   57.09   -0.35  234.97  -359.48
0.25x   1.75  -6387.50    6388 23.73 0.99   52.40   -0.35  553.64  -173.58
0.75x   1.25  -8112.50    5282 40.51 0.99   53.69   -0.48  426.15  -292.83
0.50x   1.25  -9225.00    6266 34.92 0.99   54.30   -0.51  426.45  -231.07
0.75x   3.00  -7075.00    3066 27.10 0.99   51.44   -0.53  780.99  -293.55
1.00x   0.75 -10400.00    6248 54.27 0.99   56.98   -0.54  300.30  -360.01
1.25x   0.25 -13425.00    8891 70.28 0.99   54.23   -0.59  174.13  -416.94
0.25x   3.00  -9675.00    4525 17.88 0.99   59.86   -0.62  787.11  -173.96
0.50x   1.50 -11012.50    5608 31.60 0.99   52.43   -0.64  493.63  -230.90
0.50x   1.00 -12437.50    7204 38.70 0.99   56.89   -0.64  362.37  -231.60
0.75x   1.75 -10412.50    4302 34.57 0.99   51.51   -0.66  553.14  -295.89
0.25x   2.50 -11050.00    5059 19.63 0.98   58.55   -0.67  707.48  -175.50

==========================================================================================
  TOP 10 COMPOSITE (avg rank across all 3 metrics)
==========================================================================================
 Stop Target       P&L  Trades  Win%   PF  MaxDD%  Sharpe
0.25x   1.50  -4750.00    7030 25.85 0.99   45.80   -0.25
1.00x   1.00  -4875.00    5301 49.61 1.00   54.86   -0.27
0.25x   1.25  -6087.50    7880 28.64 0.99   50.94   -0.31
1.00x   0.50  -7412.50    7650 60.31 0.99   57.09   -0.35
0.25x   1.75  -6387.50    6388 23.73 0.99   52.40   -0.35
0.75x   1.25  -8112.50    5282 40.51 0.99   53.69   -0.48
0.75x   3.00  -7075.00    3066 27.10 0.99   51.44   -0.53
0.50x   1.25  -9225.00    6266 34.92 0.99   54.30   -0.51
1.00x   0.75 -10400.00    6248 54.27 0.99   56.98   -0.54
0.50x   1.50 -11012.50    5608 31.60 0.99   52.43   -0.64

