Fetching data...
[DATA] Loaded 37,855 ES 5m bars from Bloomberg parquet (real futures, 24h)
[DATA] Range: 2025-11-30 18:00:00-05:00 -> 2026-06-15 13:05:00.000000139-04:00
Using best combo: SL=0.25x ATR, TP=0.5x ATR

=================================================================
  HOURLY P&L BREAKDOWN (SL=0.25x TP=0.50x)
=================================================================
    Hour         P&L   Trades    Win%       Avg  Bar
-----------------------------------------------------------------
  00:00   $   +3,512     609      44%  $     +6  +++++++
  01:00   $     -775     623      43%  $     -1  -
  02:00   $     -538     602      44%  $     -1  -
  03:00   $   +3,600     667      43%  $     +5  +++++++
  04:00   $   +9,312     588      46%  $    +16  ++++++++++++++++++
  05:00   $   -4,812     543      36%  $     -9  ---------
  06:00   $   -3,375     540      41%  $     -6  ------
  07:00   $   -7,300     600      40%  $    -12  --------------
  08:00   $   +2,538     611      41%  $     +4  +++++
  09:00   $   -4,738     701      44%  $     -7  ---------
  10:00   $     -475     637      45%  $     -1  -
  11:00   $   -1,412     569      43%  $     -2  --
  12:00   $   -4,500     541      41%  $     -8  ---------
  13:00   $  -14,062     499      38%  $    -28  ----------------------------
  14:00   $   +1,850     485      44%  $     +4  +++
  15:00   $     -388     586      44%  $     -1  -
  16:00   $  -13,838     352      34%  $    -39  ---------------------------
  18:00   $     +962     527      39%  $     +2  +
  19:00   $   +4,788     495      45%  $    +10  +++++++++
  20:00   $   +1,138     584      43%  $     +2  ++
  21:00   $   +3,862     589      42%  $     +7  +++++++
  22:00   $   +1,925     467      41%  $     +4  +++
  23:00   $   -2,100     463      41%  $     -5  ----
-----------------------------------------------------------------
  TOTAL  $  -24,825   12878      42%          PF=0.98

=================================================================
  SESSION BACKTESTS
=================================================================
  Overnight (00:00-04:00)             P&L $   +7,362 | 2535 trades | Win 43% | DD 11.6% | PF 1.05
  US Morning (04:00-13:00)            P&L $  -10,575 | 5350 trades | Win 42% | DD 44.5% | PF 0.98
  US Afternoon (13:00-17:00)          P&L $  -26,175 | 1945 trades | Win 41% | DD 61.7% | PF 0.90
/opt/homebrew/lib/python3.13/site-packages/plotly/io/_json.py:558: UserWarning:

Discarding nonzero nanoseconds in conversion.


Chart saved to session_chart.html
