Fetching data...
[DATA] Loaded 37,855 ES 5m bars from Bloomberg parquet (real futures, 24h)
[DATA] Range: 2025-11-30 18:00:00-05:00 -> 2026-06-15 13:05:00.000000139-04:00
Running 440 combos (10 stops x 11 targets x 4 sessions)

===============================================================================================
  PROFITABLE COMBOS (PF >= 1.0) — 110 found!
===============================================================================================
                Session  Stop Target      P&L  Trades  Win%   PF  MaxDD%
Overnight (00:00-04:00) 1.00x   None 11300.00     477 23.48 1.17   13.72
Overnight (00:00-04:00) 0.50x  3.00x 15237.50     901 22.97 1.16   11.51
Overnight (00:00-04:00) 1.00x  2.00x 17150.00     830 38.07 1.16    9.52
Overnight (00:00-04:00) 1.25x   None 10287.50     446 25.34 1.15   14.57
Overnight (00:00-04:00) 0.75x   None  9825.00     523 20.65 1.15   15.24
Overnight (00:00-04:00) 1.75x   None 10650.00     419 27.21 1.15   16.71
Overnight (00:00-04:00) 0.50x   None  9237.50     598 18.06 1.15   16.13
Overnight (00:00-04:00) 2.00x   None 10275.00     411 27.74 1.14   16.70
Overnight (00:00-04:00) 0.75x  3.00x 13775.00     773 27.17 1.14   11.05
Overnight (00:00-04:00) 2.50x   None 10050.00     406 28.08 1.14   16.33
Overnight (00:00-04:00) 3.00x   None  9887.50     405 28.15 1.14   16.63
Overnight (00:00-04:00) 1.25x  2.00x 14450.00     764 41.49 1.13   10.84
Overnight (00:00-04:00) 1.00x  1.75x 14700.00     899 40.60 1.13   10.04
Overnight (00:00-04:00) 1.00x  3.00x 12112.50     697 30.56 1.12   10.73
Overnight (00:00-04:00) 0.50x  2.00x 13137.50    1087 28.33 1.12    8.55
Overnight (00:00-04:00) 0.25x  2.00x 12812.50    1304 23.39 1.12    7.58
Overnight (00:00-04:00) 1.50x  2.00x 13300.00     728 43.54 1.12   13.84
Overnight (00:00-04:00) 1.00x  1.50x 13937.50     969 43.65 1.12    9.65
Overnight (00:00-04:00) 1.50x   None  8387.50     434 26.04 1.12   16.72
Overnight (00:00-04:00) 1.00x  2.50x 12562.50     756 33.73 1.12   12.00
Overnight (00:00-04:00) 1.25x  3.00x 11937.50     652 33.13 1.12   10.71
Overnight (00:00-04:00) 1.25x  2.50x 12087.50     691 36.61 1.11   11.38
Overnight (00:00-04:00) 1.00x  1.00x 13487.50    1184 51.01 1.11   10.07
Overnight (00:00-04:00) 1.25x  1.00x 13312.50    1098 54.74 1.11    9.87
Overnight (00:00-04:00) 0.50x  2.50x 10850.00     974 24.85 1.11   13.21
Overnight (00:00-04:00) 1.75x  2.00x 11775.00     694 45.53 1.10   13.75
Overnight (00:00-04:00) 0.25x  3.00x  9675.00    1064 18.42 1.10   10.41
Overnight (00:00-04:00) 0.50x  1.75x 11487.50    1148 30.84 1.10   12.10
Overnight (00:00-04:00) 2.00x  2.00x 11625.00     675 46.67 1.10   11.55
Overnight (00:00-04:00) 1.25x  1.75x 11700.00     825 44.12 1.10   12.78

===============================================================================================
  TOP 15: All Day
===============================================================================================
Session  Stop Target       P&L  Trades  Win%   PF  MaxDD%
All Day 1.00x  1.00x  -3950.00    5331 49.58 1.00   53.71
All Day 0.25x  1.50x  -4475.00    7030 25.85 0.99   45.58
All Day 0.25x  1.25x  -5862.50    7880 28.64 0.99   50.75
All Day 0.25x  1.75x  -5300.00    6399 23.77 0.99   50.82
All Day 1.00x  0.50x  -7400.00    7654 60.31 0.99   57.04
All Day 0.75x  1.25x  -8975.00    5308 40.50 0.99   54.90
All Day 1.00x  0.75x -10537.50    6265 54.22 0.99   56.86
All Day 0.50x  1.25x  -9575.00    6274 34.92 0.99   54.46
All Day 1.25x  0.25x -11887.50    8909 70.31 0.99   51.78
All Day 1.25x  0.75x -10900.00    5657 57.95 0.99   50.43
All Day 1.25x  1.00x -10837.50    4793 53.10 0.99   58.08
All Day 0.50x  1.00x -12250.00    7213 38.69 0.99   56.45
All Day 1.00x  1.25x -11825.00    4688 45.46 0.99   56.83
All Day 0.75x  1.75x -10725.00    4338 34.46 0.99   51.98
All Day 1.50x  0.50x -13212.50    6407 66.82 0.99   52.08

===============================================================================================
  TOP 15: Overnight (00:00-04:00)
===============================================================================================
                Session  Stop Target      P&L  Trades  Win%   PF  MaxDD%
Overnight (00:00-04:00) 1.00x   None 11300.00     477 23.48 1.17   13.72
Overnight (00:00-04:00) 0.50x  3.00x 15237.50     901 22.97 1.16   11.51
Overnight (00:00-04:00) 1.00x  2.00x 17150.00     830 38.07 1.16    9.52
Overnight (00:00-04:00) 1.25x   None 10287.50     446 25.34 1.15   14.57
Overnight (00:00-04:00) 0.75x   None  9825.00     523 20.65 1.15   15.24
Overnight (00:00-04:00) 1.75x   None 10650.00     419 27.21 1.15   16.71
Overnight (00:00-04:00) 0.50x   None  9237.50     598 18.06 1.15   16.13
Overnight (00:00-04:00) 2.00x   None 10275.00     411 27.74 1.14   16.70
Overnight (00:00-04:00) 0.75x  3.00x 13775.00     773 27.17 1.14   11.05
Overnight (00:00-04:00) 2.50x   None 10050.00     406 28.08 1.14   16.33
Overnight (00:00-04:00) 3.00x   None  9887.50     405 28.15 1.14   16.63
Overnight (00:00-04:00) 1.25x  2.00x 14450.00     764 41.49 1.13   10.84
Overnight (00:00-04:00) 1.00x  1.75x 14700.00     899 40.60 1.13   10.04
Overnight (00:00-04:00) 1.00x  3.00x 12112.50     697 30.56 1.12   10.73
Overnight (00:00-04:00) 0.50x  2.00x 13137.50    1087 28.33 1.12    8.55

===============================================================================================
  TOP 15: US Morning (04:00-13:00)
===============================================================================================
                 Session  Stop Target       P&L  Trades  Win%   PF  MaxDD%
US Morning (04:00-13:00) 1.00x  1.00x  -5600.00    2316 49.01 0.99   42.48
US Morning (04:00-13:00) 1.00x  0.75x  -6137.50    2676 53.70 0.99   42.33
US Morning (04:00-13:00) 0.75x  1.00x  -6212.50    2611 44.50 0.99   38.15
US Morning (04:00-13:00) 1.25x  0.75x  -7087.50    2476 57.35 0.99   42.45
US Morning (04:00-13:00) 0.25x  0.25x -10537.50    6588 49.09 0.98   45.38
US Morning (04:00-13:00) 1.25x  1.00x  -7987.50    2122 52.59 0.98   44.20
US Morning (04:00-13:00) 0.25x  0.50x -10575.00    5350 41.96 0.98   44.48
US Morning (04:00-13:00) 1.25x  0.25x  -9575.00    3761 69.58 0.98   43.70
US Morning (04:00-13:00) 0.25x  0.75x -12250.00    4395 36.18 0.98   44.89
US Morning (04:00-13:00) 0.25x  1.00x -12037.50    3798 32.02 0.98   46.65
US Morning (04:00-13:00) 1.00x  0.25x -13550.00    4097 66.27 0.98   47.14
US Morning (04:00-13:00) 0.25x  1.25x -11537.50    3320 28.43 0.98   47.18
US Morning (04:00-13:00) 1.50x  0.75x -12312.50    2298 60.44 0.98   47.38
US Morning (04:00-13:00) 0.75x  0.75x -13362.50    3047 48.90 0.98   44.29
US Morning (04:00-13:00) 0.50x  0.25x -16112.50    5446 56.00 0.98   50.55

===============================================================================================
  TOP 15: US Afternoon (13:00-17:00)
===============================================================================================
                   Session  Stop Target       P&L  Trades  Win%   PF  MaxDD%
US Afternoon (13:00-17:00) 0.25x   None  -4250.00     591 15.91 0.96   37.94
US Afternoon (13:00-17:00) 0.25x  1.50x  -8450.00    1070 25.51 0.95   33.49
US Afternoon (13:00-17:00) 0.50x  1.25x -11375.00     968 34.61 0.94   40.43
US Afternoon (13:00-17:00) 0.50x  1.50x -11000.00     861 31.36 0.94   39.96
US Afternoon (13:00-17:00) 0.25x  1.25x -12400.00    1201 28.14 0.94   39.02
US Afternoon (13:00-17:00) 0.25x  2.00x -11412.50     930 21.61 0.93   42.23
US Afternoon (13:00-17:00) 0.25x  1.75x -11950.00     996 23.39 0.93   41.00
US Afternoon (13:00-17:00) 0.50x  1.00x -15000.00    1104 38.13 0.93   47.51
US Afternoon (13:00-17:00) 1.25x  0.50x -16462.50    1057 64.52 0.93   47.52
US Afternoon (13:00-17:00) 0.50x  0.75x -17875.00    1290 42.64 0.92   48.68
US Afternoon (13:00-17:00) 0.25x  2.50x -12975.00     839 18.95 0.92   42.64
US Afternoon (13:00-17:00) 0.75x  1.25x -16437.50     841 39.60 0.92   53.56
US Afternoon (13:00-17:00) 1.00x  0.50x -18725.00    1152 60.50 0.92   52.80
US Afternoon (13:00-17:00) 1.25x  1.25x -16450.00     664 48.04 0.92   50.55
US Afternoon (13:00-17:00) 1.25x  0.25x -20275.00    1364 71.26 0.91   49.00

Full table saved to session_grid.html and opened in browser.
